This is pdfTeX, Version 3.1415926-2.4-1.40.13 (TeX Live 2012/Debian) (format=pdflatex 2013.5.2)  1 AUG 2014 15:39
entering extended mode
 restricted \write18 enabled.
 %&-line parsing enabled.
**propostaa-main.tex
(./propostaa-main.tex
LaTeX2e <2011/06/27>
Babel <v3.8m> and hyphenation patterns for english, dumylang, nohyphenation, et
hiopic, farsi, arabic, pinyin, croatian, bulgarian, ukrainian, russian, slovak,
 czech, danish, dutch, usenglishmax, ukenglish, finnish, french, basque, ngerma
n, german, swissgerman, ngerman-x-2012-05-30, german-x-2012-05-30, monogreek, g
reek, ibycus, ancientgreek, hungarian, bengali, tamil, hindi, telugu, gujarati,
 sanskrit, malayalam, kannada, assamese, marathi, oriya, panjabi, italian, lati
n, latvian, lithuanian, mongolian, mongolianlmc, nynorsk, bokmal, indonesian, e
speranto, coptic, welsh, irish, interlingua, serbian, serbianc, slovenian, friu
lan, romansh, estonian, romanian, armenian, uppersorbian, turkish, afrikaans, i
celandic, kurmanji, polish, portuguese, galician, catalan, spanish, swedish, th
ai, loaded.
(./copin.cls
Document Class: copin 1996/10/07 v1.0 Standard LaTeX document class
(/usr/share/texlive/texmf-dist/tex/latex/base/size12.clo
File: size12.clo 2007/10/19 v1.4h Standard LaTeX file (size option)
)
\c@part=\count79
\c@chapter=\count80
\c@section=\count81
\c@subsection=\count82
\c@subsubsection=\count83
\c@paragraph=\count84
\c@subparagraph=\count85
\c@figure=\count86
\c@table=\count87
\abovecaptionskip=\skip41
\belowcaptionskip=\skip42
\bibindent=\dimen102
)
(/var/lib/texmf/tex/generic/babel/babel.sty
Package: babel 2008/07/08 v3.8m The Babel package

(/usr/share/texlive/texmf-dist/tex/generic/babel/portuges.ldf
Language: portuges 2008/03/18 v1.2q Portuguese support from the babel system

(/usr/share/texlive/texmf-dist/tex/generic/babel/babel.def
File: babel.def 2008/07/08 v3.8m Babel common definitions
\babel@savecnt=\count88
\U@D=\dimen103
)
Package babel Info: Making " an active character on input line 145.
)
(/usr/share/texlive/texmf-dist/tex/generic/babel/english.ldf
Language: english 2005/03/30 v3.3o English support from the babel system
\l@canadian = a dialect from \language\l@american 
\l@australian = a dialect from \language\l@british 
\l@newzealand = a dialect from \language\l@british 
)) (./copin.sty)
(./doutor.sty) (/usr/share/texlive/texmf-dist/tex/latex/graphics/epsfig.sty
Package: epsfig 1999/02/16 v1.7a (e)psfig emulation (SPQR)

(/usr/share/texlive/texmf-dist/tex/latex/graphics/graphicx.sty
Package: graphicx 1999/02/16 v1.0f Enhanced LaTeX Graphics (DPC,SPQR)

(/usr/share/texlive/texmf-dist/tex/latex/graphics/keyval.sty
Package: keyval 1999/03/16 v1.13 key=value parser (DPC)
\KV@toks@=\toks14
)
(/usr/share/texlive/texmf-dist/tex/latex/graphics/graphics.sty
Package: graphics 2009/02/05 v1.0o Standard LaTeX Graphics (DPC,SPQR)

(/usr/share/texlive/texmf-dist/tex/latex/graphics/trig.sty
Package: trig 1999/03/16 v1.09 sin cos tan (DPC)
)
(/usr/share/texlive/texmf-dist/tex/latex/latexconfig/graphics.cfg
File: graphics.cfg 2010/04/23 v1.9 graphics configuration of TeX Live
)
Package graphics Info: Driver file: pdftex.def on input line 91.

(/usr/share/texlive/texmf-dist/tex/latex/pdftex-def/pdftex.def
File: pdftex.def 2011/05/27 v0.06d Graphics/color for pdfTeX

(/usr/share/texlive/texmf-dist/tex/generic/oberdiek/infwarerr.sty
Package: infwarerr 2010/04/08 v1.3 Providing info/warning/error messages (HO)
)
(/usr/share/texlive/texmf-dist/tex/generic/oberdiek/ltxcmds.sty
Package: ltxcmds 2011/11/09 v1.22 LaTeX kernel commands for general use (HO)
)
\Gread@gobject=\count89
))
\Gin@req@height=\dimen104
\Gin@req@width=\dimen105
)
\epsfxsize=\dimen106
\epsfysize=\dimen107
)
(/usr/share/texlive/texmf-dist/tex/latex/psnfss/times.sty
Package: times 2005/04/12 PSNFSS-v9.2a (SPQR) 
) (./acronym.sty
Package: acronym 2012/10/29 v1.38 Support for acronyms (Tobias Oetiker)

(/usr/share/texlive/texmf-dist/tex/latex/bigfoot/suffix.sty
Package: suffix 2006/07/15 1.5 Variant command support
)
(/usr/share/texlive/texmf-dist/tex/generic/xstring/xstring.sty
(/usr/share/texlive/texmf-dist/tex/generic/xstring/xstring.tex
\@xs@message=\write3
\integerpart=\count90
\decimalpart=\count91
)
Package: xstring 2010/03/28  v1.5d  String manipulations (C Tellechea)
)
\AC@clearlist=\toks15
)
(/usr/share/texlive/texmf-dist/tex/latex/amsmath/amsmath.sty
Package: amsmath 2000/07/18 v2.13 AMS math features
\@mathmargin=\skip43

For additional information on amsmath, use the `?' option.
(/usr/share/texlive/texmf-dist/tex/latex/amsmath/amstext.sty
Package: amstext 2000/06/29 v2.01

(/usr/share/texlive/texmf-dist/tex/latex/amsmath/amsgen.sty
File: amsgen.sty 1999/11/30 v2.0
\@emptytoks=\toks16
\ex@=\dimen108
))
(/usr/share/texlive/texmf-dist/tex/latex/amsmath/amsbsy.sty
Package: amsbsy 1999/11/29 v1.2d
\pmbraise@=\dimen109
)
(/usr/share/texlive/texmf-dist/tex/latex/amsmath/amsopn.sty
Package: amsopn 1999/12/14 v2.01 operator names
)
\inf@bad=\count92
LaTeX Info: Redefining \frac on input line 211.
\uproot@=\count93
\leftroot@=\count94
LaTeX Info: Redefining \overline on input line 307.
\classnum@=\count95
\DOTSCASE@=\count96
LaTeX Info: Redefining \ldots on input line 379.
LaTeX Info: Redefining \dots on input line 382.
LaTeX Info: Redefining \cdots on input line 467.
\Mathstrutbox@=\box26
\strutbox@=\box27
\big@size=\dimen110
LaTeX Font Info:    Redeclaring font encoding OML on input line 567.
LaTeX Font Info:    Redeclaring font encoding OMS on input line 568.
\macc@depth=\count97
\c@MaxMatrixCols=\count98
\dotsspace@=\muskip10
\c@parentequation=\count99
\dspbrk@lvl=\count100
\tag@help=\toks17
\row@=\count101
\column@=\count102
\maxfields@=\count103
\andhelp@=\toks18
\eqnshift@=\dimen111
\alignsep@=\dimen112
\tagshift@=\dimen113
\tagwidth@=\dimen114
\totwidth@=\dimen115
\lineht@=\dimen116
\@envbody=\toks19
\multlinegap=\skip44
\multlinetaggap=\skip45
\mathdisplay@stack=\toks20
LaTeX Info: Redefining \[ on input line 2666.
LaTeX Info: Redefining \] on input line 2667.
) (./inputenc.sty
Package: inputenc 2008/03/30 v1.1d Input encoding file
\inpenc@prehook=\toks21
\inpenc@posthook=\toks22

(./utf8x.def
File: utf8x.def 2004/10/17 UCS: Input encoding UTF-8
)) (/usr/share/texlive/texmf/tex/latex/ucs.sty
Package: ucs 2004/10/17 UCS: Unicode input support
 (./uni-global.def
File: uni-global.def 2004/10/17 UCS: Unicode global data
)
\uc@secondtry=\count104
\uc@combtoks=\toks23
\uc@combtoksb=\toks24
\uc@temptokena=\toks25
)
(/usr/share/texlive/texmf-dist/tex/latex/base/fontenc.sty
Package: fontenc 2005/09/27 v1.99g Standard LaTeX package

(/usr/share/texlive/texmf-dist/tex/latex/base/t1enc.def
File: t1enc.def 2005/09/27 v1.99g Standard LaTeX file
LaTeX Font Info:    Redeclaring font encoding T1 on input line 43.
)) (./fancyheadings.sty
\headrulewidth=\dimen117
\footrulewidth=\dimen118
\plainheadrulewidth=\dimen119
\plainfootrulewidth=\dimen120
\headwidth=\dimen121
) (/usr/share/texlive/texmf-dist/tex/latex/caption/caption.sty
Package: caption 2012/02/19 v3.2f Customizing captions (AR)

(/usr/share/texlive/texmf-dist/tex/latex/caption/caption3.sty
Package: caption3 2012/01/12 v1.4b caption3 kernel (AR)
\captionmargin=\dimen122
\captionmargin@=\dimen123
\captionwidth=\dimen124
\caption@indent=\dimen125
\caption@parindent=\dimen126
\caption@hangindent=\dimen127
Package caption Info: Unknown document class (or package),
(caption)             standard defaults will be used.
)

Package caption Warning: Unsupported document class (or package) detected,
(caption)                usage of the caption package is not recommended.
See the caption package documentation for explanation.

Package caption Info: \@makecaption = \long macro:#1#2->\vskip \abovecaptionski
p \sbox \@tempboxa {#1: #2}\ifdim \wd \@tempboxa >\hsize #1: #2\par \else \glob
al \@minipagefalse \hbox to\hsize {\hfil \box \@tempboxa \hfil }\fi \vskip \bel
owcaptionskip .
\c@ContinuedFloat=\count105
) (/usr/share/texlive/texmf-dist/tex/latex/caption/subcaption.sty
Package: subcaption 2012/01/12 v1.1d Sub-captions (AR)
\c@subfigure=\count106
\c@subtable=\count107
)
(/usr/share/texlive/texmf-dist/tex/latex/tools/longtable.sty
Package: longtable 2004/02/01 v4.11 Multi-page Table package (DPC)
\LTleft=\skip46
\LTright=\skip47
\LTpre=\skip48
\LTpost=\skip49
\LTchunksize=\count108
\LTcapwidth=\dimen128
\LT@head=\box28
\LT@firsthead=\box29
\LT@foot=\box30
\LT@lastfoot=\box31
\LT@cols=\count109
\LT@rows=\count110
\c@LT@tables=\count111
\c@LT@chunks=\count112
\LT@p@ftn=\toks26
)
(/usr/share/texlive/texmf-dist/tex/latex/placeins/placeins.sty
Package: placeins 2005/04/18  v 2.2
)
(/usr/share/texlive/texmf-dist/tex/latex/listings/listings.sty
\lst@mode=\count113
\lst@gtempboxa=\box32
\lst@token=\toks27
\lst@length=\count114
\lst@currlwidth=\dimen129
\lst@column=\count115
\lst@pos=\count116
\lst@lostspace=\dimen130
\lst@width=\dimen131
\lst@newlines=\count117
\lst@lineno=\count118
\lst@maxwidth=\dimen132

(/usr/share/texlive/texmf-dist/tex/latex/listings/lstmisc.sty
File: lstmisc.sty 2007/02/22 1.4 (Carsten Heinz)
\c@lstnumber=\count119
\lst@skipnumbers=\count120
\lst@framebox=\box33
)
(/usr/share/texlive/texmf-dist/tex/latex/listings/listings.cfg
File: listings.cfg 2007/02/22 1.4 listings configuration
))
Package: listings 2007/02/22 1.4 (Carsten Heinz)

(./propostaa-main.aux

LaTeX Warning: Label `eq:vetormedio' multiply defined.


LaTeX Warning: Label `img:catch' multiply defined.


LaTeX Warning: Label `material_permanente' multiply defined.

)
\openout1 = `propostaa-main.aux'.

LaTeX Font Info:    Checking defaults for OML/cmm/m/it on input line 65.
LaTeX Font Info:    ... okay on input line 65.
LaTeX Font Info:    Checking defaults for T1/cmr/m/n on input line 65.
LaTeX Font Info:    ... okay on input line 65.
LaTeX Font Info:    Checking defaults for OT1/cmr/m/n on input line 65.
LaTeX Font Info:    ... okay on input line 65.
LaTeX Font Info:    Checking defaults for OMS/cmsy/m/n on input line 65.
LaTeX Font Info:    ... okay on input line 65.
LaTeX Font Info:    Checking defaults for OMX/cmex/m/n on input line 65.
LaTeX Font Info:    ... okay on input line 65.
LaTeX Font Info:    Checking defaults for U/cmr/m/n on input line 65.
LaTeX Font Info:    ... okay on input line 65.
LaTeX Font Info:    Try loading font information for T1+ptm on input line 65.
 (/usr/share/texlive/texmf-dist/tex/latex/psnfss/t1ptm.fd
File: t1ptm.fd 2001/06/04 font definitions for T1/ptm.
)
(/usr/share/texlive/texmf-dist/tex/context/base/supp-pdf.mkii
[Loading MPS to PDF converter (version 2006.09.02).]
\scratchcounter=\count121
\scratchdimen=\dimen133
\scratchbox=\box34
\nofMPsegments=\count122
\nofMParguments=\count123
\everyMPshowfont=\toks28
\MPscratchCnt=\count124
\MPscratchDim=\dimen134
\MPnumerator=\count125
\makeMPintoPDFobject=\count126
\everyMPtoPDFconversion=\toks29
) (/usr/share/texlive/texmf-dist/tex/generic/oberdiek/pdftexcmds.sty
Package: pdftexcmds 2011/11/29 v0.20 Utility functions of pdfTeX for LuaTeX (HO
)

(/usr/share/texlive/texmf-dist/tex/generic/oberdiek/ifluatex.sty
Package: ifluatex 2010/03/01 v1.3 Provides the ifluatex switch (HO)
Package ifluatex Info: LuaTeX not detected.
)
(/usr/share/texlive/texmf-dist/tex/generic/oberdiek/ifpdf.sty
Package: ifpdf 2011/01/30 v2.3 Provides the ifpdf switch (HO)
Package ifpdf Info: pdfTeX in PDF mode is detected.
)
Package pdftexcmds Info: LuaTeX not detected.
Package pdftexcmds Info: \pdf@primitive is available.
Package pdftexcmds Info: \pdf@ifprimitive is available.
Package pdftexcmds Info: \pdfdraftmode found.
)
(/usr/share/texlive/texmf-dist/tex/latex/oberdiek/epstopdf-base.sty
Package: epstopdf-base 2010/02/09 v2.5 Base part for package epstopdf

(/usr/share/texlive/texmf-dist/tex/latex/oberdiek/grfext.sty
Package: grfext 2010/08/19 v1.1 Manage graphics extensions (HO)

(/usr/share/texlive/texmf-dist/tex/generic/oberdiek/kvdefinekeys.sty
Package: kvdefinekeys 2011/04/07 v1.3 Define keys (HO)
))
(/usr/share/texlive/texmf-dist/tex/latex/oberdiek/kvoptions.sty
Package: kvoptions 2011/06/30 v3.11 Key value format for package options (HO)

(/usr/share/texlive/texmf-dist/tex/generic/oberdiek/kvsetkeys.sty
Package: kvsetkeys 2012/04/25 v1.16 Key value parser (HO)

(/usr/share/texlive/texmf-dist/tex/generic/oberdiek/etexcmds.sty
Package: etexcmds 2011/02/16 v1.5 Avoid name clashes with e-TeX commands (HO)
Package etexcmds Info: Could not find \expanded.
(etexcmds)             That can mean that you are not using pdfTeX 1.50 or
(etexcmds)             that some package has redefined \expanded.
(etexcmds)             In the latter case, load this package earlier.
)))
Package grfext Info: Graphics extension search list:
(grfext)             [.png,.pdf,.jpg,.mps,.jpeg,.jbig2,.jb2,.PNG,.PDF,.JPG,.JPE
G,.JBIG2,.JB2,.eps]
(grfext)             \AppendGraphicsExtensions on input line 452.

(/usr/share/texlive/texmf-dist/tex/latex/latexconfig/epstopdf-sys.cfg
File: epstopdf-sys.cfg 2010/07/13 v1.3 Configuration of (r)epstopdf for TeX Liv
e
))
(./ucsencs.def
File: ucsencs.def 2003/11/29 Fixes to fontencodings LGR, T3
)
Package caption Info: Begin \AtBeginDocument code.
Package caption Info: listings package is loaded.
Package caption Info: longtable package is loaded.
 (/usr/share/texlive/texmf-dist/tex/latex/caption/ltcaption.sty
Package: ltcaption 2011/09/12 v1.3 longtable captions (AR)
)
Package caption Info: End \AtBeginDocument code.
\c@lstlisting=\count127
(/usr/share/texlive/texmf-dist/tex/latex/ucs/data/uni-0.def
File: uni-0.def 2012/04/20 UCS: Unicode data U+0000..U+00FF
)
LaTeX Font Info:    Try loading font information for OMS+ptm on input line 79.

(/usr/share/texlive/texmf-dist/tex/latex/psnfss/omsptm.fd
File: omsptm.fd 
)
LaTeX Font Info:    Font shape `OMS/ptm/m/n' in size <12> not available
(Font)              Font shape `OMS/cmsy/m/n' tried instead on input line 79.
 [1


{/var/lib/texmf/fonts/map/pdftex/updmap/pdftex.map}]
LaTeX Font Info:    Font shape `T1/ptm/bx/n' in size <17.28> not available
(Font)              Font shape `T1/ptm/b/n' tried instead on input line 82.
 (./resumo.tex) [1]
LaTeX Font Info:    Font shape `T1/ptm/bx/n' in size <12> not available
(Font)              Font shape `T1/ptm/b/n' tried instead on input line 87.
 (./abstract.tex) [1]
LaTeX Font Info:    Font shape `T1/ptm/bx/n' in size <24.88> not available
(Font)              Font shape `T1/ptm/b/n' tried instead on input line 144.

(./propostaa-main.toc
LaTeX Font Info:    Font shape `T1/ptm/bx/it' in size <12> not available
(Font)              Font shape `T1/ptm/b/it' tried instead on input line 35.
 [1




]
Overfull \vbox (5.39993pt too high) has occurred while \output is active []


[2]
Overfull \vbox (5.39993pt too high) has occurred while \output is active []


[3])
\tf@toc=\write4
\openout4 = `propostaa-main.toc'.


Overfull \vbox (5.39993pt too high) has occurred while \output is active []


[4] (./simbolos.tex) [5

] (./propostaa-main.lof [6

])
\tf@lof=\write5
\openout5 = `propostaa-main.lof'.


Overfull \vbox (5.39993pt too high) has occurred while \output is active []


[7] (./propostaa-main.lot
Package acronym Info: Label `acro:dp' newly defined as it shall be overridden
although it is yet undefined on input line 9.
)
\tf@lot=\write6
\openout6 = `propostaa-main.lot'.

 [8

] (./propostaa-main.lol)
\tf@lol=\write7
\openout7 = `propostaa-main.lol'.

 [9

]
(./cap1-introducao.tex
Cap\'{\i }tulo 1.
[1


] <./img/quantif-parkinson.png, id=50, 344.78813pt x 454.69875pt>
File: ./img/quantif-parkinson.png Graphic file (type png)

<use ./img/quantif-parkinson.png>
Package pdftex.def Info: ./img/quantif-parkinson.png used on input line 20.
(pdftex.def)             Requested size: 103.43723pt x 136.41068pt.

<./img/patel-shimmer.png, id=51, 599.23875pt x 496.10344pt>
File: ./img/patel-shimmer.png Graphic file (type png)

<use ./img/patel-shimmer.png>
Package pdftex.def Info: ./img/patel-shimmer.png used on input line 30.
(pdftex.def)             Requested size: 179.77301pt x 148.83217pt.

<./img/moyne-iphone.png, id=52, 458.46281pt x 340.27126pt>
File: ./img/moyne-iphone.png Graphic file (type png)

<use ./img/moyne-iphone.png>
Package pdftex.def Info: ./img/moyne-iphone.png used on input line 42.
(pdftex.def)             Requested size: 137.5399pt x 102.08215pt.

<./img/problematica.png, id=53, 426.59375pt x 868.24374pt>
File: ./img/problematica.png Graphic file (type png)

<use ./img/problematica.png>
Package pdftex.def Info: ./img/problematica.png used on input line 58.
(pdftex.def)             Requested size: 341.27545pt x 694.59595pt.


LaTeX Warning: Float too large for page by 47.66557pt on input line 64.


Overfull \vbox (5.39993pt too high) has occurred while \output is active []


[2 <./img/quantif-parkinson.png>]
Overfull \vbox (5.39993pt too high) has occurred while \output is active []


[3 <./img/patel-shimmer.png> <./img/moyne-iphone.png>]
Overfull \vbox (5.39993pt too high) has occurred while \output is active []


[4 <./img/problematica.png>]
LaTeX Font Info:    Font shape `T1/ptm/bx/n' in size <14.4> not available
(Font)              Font shape `T1/ptm/b/n' tried instead on input line 68.
Package acronym Info: Label `acro:gqm' newly defined as it shall be overridden
although it is yet undefined on input line 94.

Overfull \vbox (5.39993pt too high) has occurred while \output is active []


[5

]
Package acronym Info: Label `acro:fvrs' newly defined as it shall be overridden

although it is yet undefined on input line 104.
Package acronym Info: Label `acro:svm' newly defined as it shall be overridden
although it is yet undefined on input line 105.

Overfull \vbox (5.39993pt too high) has occurred while \output is active []


[6]
Overfull \vbox (5.39993pt too high) has occurred while \output is active []


[7]
Overfull \vbox (5.39993pt too high) has occurred while \output is active []


[8]) (./cap3-fundamentacao.tex
Overfull \vbox (5.39993pt too high) has occurred while \output is active []


[9]
Cap\'{\i }tulo 2.
[10

] <./img/stages-game-development.jpg, id=82, 337.26pt x 483.8075pt>
File: ./img/stages-game-development.jpg Graphic file (type jpg)

<use ./img/stages-game-development.jpg>
Package pdftex.def Info: ./img/stages-game-development.jpg used on input line 5
9.
(pdftex.def)             Requested size: 168.62958pt x 241.90315pt.

<./img/stages-game-development-agil.png, id=83, 534.49687pt x 146.79843pt>
File: ./img/stages-game-development-agil.png Graphic file (type png)

<use ./img/stages-game-development-agil.png>
Package pdftex.def Info: ./img/stages-game-development-agil.png used on input l
ine 72.
(pdftex.def)             Requested size: 267.24777pt x 73.39903pt.

Overfull \vbox (5.39993pt too high) has occurred while \output is active []


[11 <./img/stages-game-development.jpg>]
Overfull \vbox (5.39993pt too high) has occurred while \output is active []


[12 <./img/stages-game-development-agil.png>]
Overfull \vbox (5.39993pt too high) has occurred while \output is active []


[13]
Overfull \vbox (5.39993pt too high) has occurred while \output is active []


[14]
Overfull \vbox (5.39993pt too high) has occurred while \output is active []


[15] (/usr/share/texlive/texmf-dist/tex/latex/ucs/data/uni-32.def
File: uni-32.def 2012/04/20 UCS: Unicode data U+2000..U+20FF
)
Overfull \vbox (5.39993pt too high) has occurred while \output is active []


[16]
Overfull \vbox (5.39993pt too high) has occurred while \output is active []


[17] <./img/abducao.png, id=107, 289.08pt x 410.2828pt>
File: ./img/abducao.png Graphic file (type png)

<use ./img/abducao.png>
Package pdftex.def Info: ./img/abducao.png used on input line 244.
(pdftex.def)             Requested size: 144.53964pt x 205.1409pt.

Overfull \vbox (5.39993pt too high) has occurred while \output is active []


[18]
Overfull \vbox (5.39993pt too high) has occurred while \output is active []


[19 <./img/abducao.png>]
<./img/gaitcycle.png, id=116, 1041.8925pt x 555.07375pt>
File: ./img/gaitcycle.png Graphic file (type png)

<use ./img/gaitcycle.png>
Package pdftex.def Info: ./img/gaitcycle.png used on input line 276.
(pdftex.def)             Requested size: 416.74962pt x 222.02556pt.
Package acronym Info: Label `acro:pca' newly defined as it shall be overridden
although it is yet undefined on input line 289.

Overfull \vbox (5.39993pt too high) has occurred while \output is active []


[20 <./img/gaitcycle.png>]
Underfull \hbox (badness 10000) in paragraph at lines 314--317

 []


Overfull \vbox (5.39993pt too high) has occurred while \output is active []


[21] <./img/vetormediociclosdamarcha.png, id=125, 840.89156pt x 612.78937pt>
File: ./img/vetormediociclosdamarcha.png Graphic file (type png)

<use ./img/vetormediociclosdamarcha.png>
Package pdftex.def Info: ./img/vetormediociclosdamarcha.png used on input line 
332.
(pdftex.def)             Requested size: 420.44475pt x 306.39394pt.

Overfull \vbox (5.39993pt too high) has occurred while \output is active []


[22 <./img/vetormediociclosdamarcha.png (PNG copy)>]
Underfull \hbox (badness 10000) in paragraph at lines 390--393

 []


Overfull \vbox (5.39993pt too high) has occurred while \output is active []


[23]
Overfull \vbox (5.39993pt too high) has occurred while \output is active []


[24] <./img/svmhyperplane.png, id=139, 612.2875pt x 511.9125pt>
File: ./img/svmhyperplane.png Graphic file (type png)

<use ./img/svmhyperplane.png>
Package pdftex.def Info: ./img/svmhyperplane.png used on input line 469.
(pdftex.def)             Requested size: 244.91066pt x 204.76137pt.

Overfull \vbox (5.39993pt too high) has occurred while \output is active []


[25 <./img/svmhyperplane.png>]
Underfull \hbox (badness 10000) in paragraph at lines 492--494

 []

) (./cap4-arquitetura.tex
Overfull \vbox (5.39993pt too high) has occurred while \output is active []


[26]
Cap\'{\i }tulo 3.
LaTeX Font Info:    Font shape `T1/ptm/bx/it' in size <24.88> not available
(Font)              Font shape `T1/ptm/b/it' tried instead on input line 2.
[27

]
Underfull \hbox (badness 10000) in paragraph at lines 16--17
[]
 []

<./img/systemoverview.png, id=151, 678.3744pt x 450.0012pt>
File: ./img/systemoverview.png Graphic file (type png)

<use ./img/systemoverview.png>
Package pdftex.def Info: ./img/systemoverview.png used on input line 25.
(pdftex.def)             Requested size: 441.01772pt x 292.5591pt.

Overfull \vbox (5.39993pt too high) has occurred while \output is active []


[28]
Overfull \vbox (5.39993pt too high) has occurred while \output is active []


[29 <./img/systemoverview.png>]
<./img/exsinalposicaoypunhodireito.png, id=159, 545.78906pt x 339.51843pt>
File: ./img/exsinalposicaoypunhodireito.png Graphic file (type png)

<use ./img/exsinalposicaoypunhodireito.png>
Package pdftex.def Info: ./img/exsinalposicaoypunhodireito.png used on input li
ne 54.
(pdftex.def)             Requested size: 441.01772pt x 274.34529pt.

<./img/deteccaopicosvales.png, id=160, 599.23875pt x 402.75468pt>
File: ./img/deteccaopicosvales.png Graphic file (type png)

<use ./img/deteccaopicosvales.png>
Package pdftex.def Info: ./img/deteccaopicosvales.png used on input line 63.
(pdftex.def)             Requested size: 441.01772pt x 296.41751pt.

Overfull \vbox (5.39993pt too high) has occurred while \output is active []


[30 <./img/exsinalposicaoypunhodireito.png (PNG copy)>]
<./img/remocaoruidociclo.png, id=164, 458.46281pt x 311.66437pt>
File: ./img/remocaoruidociclo.png Graphic file (type png)

<use ./img/remocaoruidociclo.png>
Package pdftex.def Info: ./img/remocaoruidociclo.png used on input line 81.
(pdftex.def)             Requested size: 441.01772pt x 299.81737pt.


LaTeX Warning: Command \textordmasculine invalid in math mode on input line 88.



Overfull \vbox (5.39993pt too high) has occurred while \output is active []


[31 <./img/deteccaopicosvales.png (PNG copy)>]

LaTeX Warning: Command \textordmasculine invalid in math mode on input line 91.


<./img/produtoescalar.png, id=169, 217.5628pt x 126.4725pt>
File: ./img/produtoescalar.png Graphic file (type png)

<use ./img/produtoescalar.png>
Package pdftex.def Info: ./img/produtoescalar.png used on input line 102.
(pdftex.def)             Requested size: 220.50885pt x 128.19357pt.

<./img/amplitude-braco.png, id=170, 421.575pt x 316.18124pt>
File: ./img/amplitude-braco.png Graphic file (type png)

<use ./img/amplitude-braco.png>
Package pdftex.def Info: ./img/amplitude-braco.png used on input line 113.
(pdftex.def)             Requested size: 441.01772pt x 330.76984pt.

(/usr/share/texlive/texmf-dist/tex/latex/listings/lstlang1.sty
File: lstlang1.sty 2004/09/05 1.3 listings language file
)
Overfull \vbox (5.39993pt too high) has occurred while \output is active []


[32 <./img/remocaoruidociclo.png (PNG copy)>]

Package Listings Warning: Text dropped after begin of listing on input line 122
.


Overfull \vbox (5.39993pt too high) has occurred while \output is active []


[33 <./img/produtoescalar.png> <./img/amplitude-braco.png (PNG copy)>]
LaTeX Font Info:    Font shape `T1/ptm/bx/n' in size <10> not available
(Font)              Font shape `T1/ptm/b/n' tried instead on input line 129.
LaTeX Font Info:    Font shape `OMS/ptm/m/n' in size <10> not available
(Font)              Font shape `OMS/cmsy/m/n' tried instead on input line 129.

<./img/amplitude-braco-picos.png, id=177, 421.575pt x 316.18124pt>
File: ./img/amplitude-braco-picos.png Graphic file (type png)

<use ./img/amplitude-braco-picos.png>
Package pdftex.def Info: ./img/amplitude-braco-picos.png used on input line 137
.
(pdftex.def)             Requested size: 441.01772pt x 330.76984pt.

Overfull \vbox (5.39993pt too high) has occurred while \output is active []


[34 <./img/amplitude-braco-picos.png (PNG copy)>]
<./img/vetormedionormalozadoescalonado.png, id=181, 421.575pt x 316.18124pt>
File: ./img/vetormedionormalozadoescalonado.png Graphic file (type png)

<use ./img/vetormedionormalozadoescalonado.png>
Package pdftex.def Info: ./img/vetormedionormalozadoescalonado.png used on inpu
t line 172.
(pdftex.def)             Requested size: 441.01772pt x 330.76984pt.

<./img/ciclomovimentoremovido.png, id=182, 421.575pt x 316.18124pt>
File: ./img/ciclomovimentoremovido.png Graphic file (type png)

<use ./img/ciclomovimentoremovido.png>
Package pdftex.def Info: ./img/ciclomovimentoremovido.png used on input line 19
4.
(pdftex.def)             Requested size: 441.01772pt x 330.76984pt.

Overfull \vbox (5.39993pt too high) has occurred while \output is active []


[35]
Overfull \vbox (5.39993pt too high) has occurred while \output is active []


[36 <./img/vetormedionormalozadoescalonado.png (PNG copy)>]

LaTeX Warning: Command \textdegree invalid in math mode on input line 224.


LaTeX Warning: Command \textdegree invalid in math mode on input line 224.

<./img/ciclosmovimentokinnect.png, id=189, 1263.97218pt x 713.66624pt>
File: ./img/ciclosmovimentokinnect.png Graphic file (type png)

<use ./img/ciclosmovimentokinnect.png>
Package pdftex.def Info: ./img/ciclosmovimentokinnect.png used on input line 22
9.
(pdftex.def)             Requested size: 480.31442pt x 271.19598pt.

Overfull \hbox (39.2967pt too wide) in paragraph at lines 229--230
 [][] 
 []


Overfull \vbox (5.39993pt too high) has occurred while \output is active []


[37 <./img/ciclomovimentoremovido.png (PNG copy)>]
Overfull \vbox (5.39993pt too high) has occurred while \output is active []


[38 <./img/ciclosmovimentokinnect.png (PNG copy)>]
Overfull \vbox (5.39993pt too high) has occurred while \output is active []


[39]) (./cap_implementacao.tex
Overfull \vbox (5.39993pt too high) has occurred while \output is active []


[40]
Cap\'{\i }tulo 4.
<./img/arquitetura.png, id=204, 979.66pt x 486.81876pt>
File: ./img/arquitetura.png Graphic file (type png)

<use ./img/arquitetura.png>
Package pdftex.def Info: ./img/arquitetura.png used on input line 7.
(pdftex.def)             Requested size: 391.85706pt x 194.72404pt.
LaTeX Font Info:    Font shape `T1/ptm/bx/it' in size <14.4> not available
(Font)              Font shape `T1/ptm/b/it' tried instead on input line 18.
 [41

 <./img/arquitetura.png>]
<./img/articulacoes.png, id=208, 694.09312pt x 514.17094pt>
File: ./img/articulacoes.png Graphic file (type png)

<use ./img/articulacoes.png>
Package pdftex.def Info: ./img/articulacoes.png used on input line 29.
(pdftex.def)             Requested size: 277.63232pt x 205.66473pt.

<./img/diagclasszigfu.png, id=209, 440.64626pt x 422.57875pt>
File: ./img/diagclasszigfu.png Graphic file (type png)

<use ./img/diagclasszigfu.png>
Package pdftex.def Info: ./img/diagclasszigfu.png used on input line 41.
(pdftex.def)             Requested size: 352.51747pt x 338.06345pt.

Overfull \vbox (5.39993pt too high) has occurred while \output is active []


[42]
Overfull \vbox (5.39993pt too high) has occurred while \output is active []


[43 <./img/articulacoes.png> <./img/diagclasszigfu.png>]
<./img/catch-the-spheres.png, id=218, 1063.72406pt x 557.08125pt>
File: ./img/catch-the-spheres.png Graphic file (type png)

<use ./img/catch-the-spheres.png>
Package pdftex.def Info: ./img/catch-the-spheres.png used on input line 65.
(pdftex.def)             Requested size: 264.61331pt x 138.57294pt.

<./img/class_diagram.png, id=219, 2179.14125pt x 1258.7025pt>
File: ./img/class_diagram.png Graphic file (type png)

<use ./img/class_diagram.png>
Package pdftex.def Info: ./img/class_diagram.png used on input line 77.
(pdftex.def)             Requested size: 441.01772pt x 254.73221pt.
LaTeX Font Info:    Try loading font information for T1+pcr on input line 82.

(/usr/share/texlive/texmf-dist/tex/latex/psnfss/t1pcr.fd
File: t1pcr.fd 2001/06/04 font definitions for T1/pcr.
)
Overfull \vbox (5.39993pt too high) has occurred while \output is active []


[44 <./img/catch-the-spheres.png (PNG copy)>]
Overfull \vbox (5.39993pt too high) has occurred while \output is active []


[45 <./img/class_diagram.png (PNG copy)>]
Overfull \vbox (5.39993pt too high) has occurred while \output is active []


[46]
Underfull \hbox (badness 10000) in paragraph at lines 133--134
[]\T1/pcr/m/n/12 getDataFromFile(String path, String separator, boolean
 []


Underfull \hbox (badness 10000) in paragraph at lines 134--135
[]\T1/pcr/m/n/12 getDataFromFile(String path, String separator, boolean
 []


Underfull \hbox (badness 2762) in paragraph at lines 134--135
\T1/pcr/m/n/12 hasHeader, String... labels) \T1/ptm/m/n/12 es-tende a fun-ci-o-
na-li-dade do mé-todo
 []


Underfull \hbox (badness 10000) in paragraph at lines 135--136
[]\T1/pcr/m/n/12 getMultipleData(String path, String separator, boolean
 []


Underfull \hbox (badness 10000) in paragraph at lines 139--140
[]\T1/ptm/m/n/12 A classe \T1/pcr/m/n/12 MovementDataFileManager \T1/ptm/m/n/12
 es-tende as fun-ci-o-na-li-da-des do
 []


Overfull \vbox (5.39993pt too high) has occurred while \output is active []


[47]
Overfull \vbox (5.39993pt too high) has occurred while \output is active []


[48]
Overfull \vbox (5.39993pt too high) has occurred while \output is active []


[49]
Overfull \vbox (5.39993pt too high) has occurred while \output is active []


[50]) (./cap4-gahme-process.tex
Overfull \vbox (5.39993pt too high) has occurred while \output is active []


[51]
Cap\'{\i }tulo 5.
Package acronym Info: Label `acro:spem' newly defined as it shall be overridden

although it is yet undefined on input line 8.
[52

]
Overfull \vbox (5.39993pt too high) has occurred while \output is active []


[53]
Overfull \vbox (5.39993pt too high) has occurred while \output is active []


[54] <./img/gahme-fase-conceito.png, id=255, 373.395pt x 351.56343pt>
File: ./img/gahme-fase-conceito.png Graphic file (type png)

<use ./img/gahme-fase-conceito.png>
Package pdftex.def Info: ./img/gahme-fase-conceito.png used on input line 106.
(pdftex.def)             Requested size: 298.7164pt x 281.25111pt.

Overfull \vbox (5.39993pt too high) has occurred while \output is active []


[55]
Overfull \vbox (5.39993pt too high) has occurred while \output is active []


[56 <./img/gahme-fase-conceito.png>]
Overfull \vbox (5.39993pt too high) has occurred while \output is active []


[57]
Overfull \vbox (5.39993pt too high) has occurred while \output is active []


[58] <./img/gahme-fase-pre-producao.png, id=269, 688.82344pt x 320.69812pt>
File: ./img/gahme-fase-pre-producao.png Graphic file (type png)

<use ./img/gahme-fase-pre-producao.png>
Package pdftex.def Info: ./img/gahme-fase-pre-producao.png used on input line 2
73.
(pdftex.def)             Requested size: 413.29726pt x 192.42035pt.

Overfull \vbox (5.39993pt too high) has occurred while \output is active []


[59]
Overfull \vbox (5.39993pt too high) has occurred while \output is active []


[60 <./img/gahme-fase-pre-producao.png>]
Package acronym Info: Label `acro:cep' newly defined as it shall be overridden
although it is yet undefined on input line 301.

Overfull \vbox (5.39993pt too high) has occurred while \output is active []


[61

]
Overfull \vbox (5.39993pt too high) has occurred while \output is active []


[62]) (./cap6-avaliacao.tex
Overfull \vbox (5.39993pt too high) has occurred while \output is active []


[63]
Overfull \vbox (5.39993pt too high) has occurred while \output is active []


[64]
Cap\'{\i }tulo 6.
[65

]
Overfull \vbox (5.39993pt too high) has occurred while \output is active []


[66]
Overfull \hbox (8.11433pt too wide) in paragraph at lines 47--55
[][] 
 []


Overfull \vbox (5.39993pt too high) has occurred while \output is active []


[67]
Overfull \vbox (5.39993pt too high) has occurred while \output is active []


[68]
Overfull \vbox (5.39993pt too high) has occurred while \output is active []


[69]
Overfull \vbox (5.39993pt too high) has occurred while \output is active []


[70]
Overfull \vbox (5.39993pt too high) has occurred while \output is active []


[71]
Overfull \vbox (5.39993pt too high) has occurred while \output is active []


[72]
Overfull \vbox (5.39993pt too high) has occurred while \output is active []


[73]
Package acronym Info: Label `acro:er' newly defined as it shall be overridden
although it is yet undefined on input line 272.

Overfull \vbox (5.39993pt too high) has occurred while \output is active []


[74]
Overfull \vbox (5.39993pt too high) has occurred while \output is active []


[75]

LaTeX Warning: `h' float specifier changed to `ht'.


Overfull \vbox (5.39993pt too high) has occurred while \output is active []


[76]
LaTeX Font Info:    Font shape `T1/ptm/bx/it' in size <17.28> not available
(Font)              Font shape `T1/ptm/b/it' tried instead on input line 373.

Overfull \vbox (18.75586pt too high) has occurred while \output is active []


[77] <./img/ultraflexposition.png, id=330, 176.91093pt x 191.21437pt>
File: ./img/ultraflexposition.png Graphic file (type png)

<use ./img/ultraflexposition.png>
Package pdftex.def Info: ./img/ultraflexposition.png used on input line 389.
(pdftex.def)             Requested size: 123.83679pt x 133.84914pt.

<./img/ultraflexdinografia.png, id=331, 963.6pt x 770.88pt>
File: ./img/ultraflexdinografia.png Graphic file (type png)

<use ./img/ultraflexdinografia.png>
Package pdftex.def Info: ./img/ultraflexdinografia.png used on input line 401.
(pdftex.def)             Requested size: 385.43317pt x 308.34654pt.

Overfull \vbox (18.75586pt too high) has occurred while \output is active []


[78 <./img/ultraflexposition.png>]
Overfull \vbox (18.75586pt too high) has occurred while \output is active []


[79 <./img/ultraflexdinografia.png>]
<./img/projecaopca.png, id=339, 655.69969pt x 521.69907pt>
File: ./img/projecaopca.png Graphic file (type png)

<use ./img/projecaopca.png>
Package pdftex.def Info: ./img/projecaopca.png used on input line 424.
(pdftex.def)             Requested size: 458.98665pt x 365.18684pt.

Overfull \hbox (17.96893pt too wide) in paragraph at lines 424--425
 [][] 
 []

<./img/projecao-pca-parkinson-healthy.png, id=340, 872.50969pt x 667.74469pt>
File: ./img/projecao-pca-parkinson-healthy.png Graphic file (type png)

<use ./img/projecao-pca-parkinson-healthy.png>
Package pdftex.def Info: ./img/projecao-pca-parkinson-healthy.png used on input
 line 434.
(pdftex.def)             Requested size: 392.62573pt x 300.48233pt.

Overfull \vbox (18.75586pt too high) has occurred while \output is active []


[80 <./img/projecaopca.png (PNG copy)>]
Overfull \vbox (18.75586pt too high) has occurred while \output is active []


[81 <./img/projecao-pca-parkinson-healthy.png (PNG copy)>]
Overfull \vbox (18.75586pt too high) has occurred while \output is active []


[82]
<./img/boxplot-eigengaits-parkinsondatabase-error-kfold.png, id=350, 421.575pt 
x 316.18124pt>
File: ./img/boxplot-eigengaits-parkinsondatabase-error-kfold.png Graphic file (
type png)

<use ./img/boxplot-eigengaits-parkinsondatabase-error-kfold.png>
Package pdftex.def Info: ./img/boxplot-eigengaits-parkinsondatabase-error-kfold
.png used on input line 470.
(pdftex.def)             Requested size: 252.94695pt x 189.7102pt.

<./img/boxplot-eigengaits-parkinsondatabase.png, id=351, 421.575pt x 316.18124p
t>
File: ./img/boxplot-eigengaits-parkinsondatabase.png Graphic file (type png)
 <use ./img/boxplot-eigengaits-parkinsondatabase.png>
Package pdftex.def Info: ./img/boxplot-eigengaits-parkinsondatabase.png used on
 input line 481.
(pdftex.def)             Requested size: 252.94695pt x 189.7102pt.

Overfull \vbox (18.75586pt too high) has occurred while \output is active []


[83 <./img/boxplot-eigengaits-parkinsondatabase-error-kfold.png (PNG copy)> <./
img/boxplot-eigengaits-parkinsondatabase.png (PNG copy)>]
! Undefined control sequence.
\@sharp ->\multirow 
                    {\textit {\textbf {\begin {tabular}[c]{@{}c@{}}Classe\\ ...
l.502 ...]{@{}c@{}}Classe\\ Atual\end{tabular}}}}}
                                                   & \multicolumn{1}{|l|}{\t...
The control sequence at the end of the top line
of your error message was never \def'ed. If you have
misspelled it (e.g., `\hobx'), type `I' and the correct
spelling (e.g., `I\hbox'). Otherwise just continue,
and I'll forget about whatever was undefined.


Overfull \vbox (18.75586pt too high) has occurred while \output is active []


[84]
Overfull \vbox (18.75586pt too high) has occurred while \output is active []


[85]
Overfull \vbox (18.75586pt too high) has occurred while \output is active []


[86] <./img/capturaducaokinnect.png, id=365, 715.17188pt x 495.35063pt>
File: ./img/capturaducaokinnect.png Graphic file (type png)

<use ./img/capturaducaokinnect.png>
Package pdftex.def Info: ./img/capturaducaokinnect.png used on input line 617.
(pdftex.def)             Requested size: 357.58505pt x 247.67471pt.

Overfull \vbox (18.75586pt too high) has occurred while \output is active []


[87]
Overfull \vbox (18.75586pt too high) has occurred while \output is active []


[88 <./img/capturaducaokinnect.png>]
<./img/vetormedioaducao.png, id=373, 743.02594pt x 453.19313pt>
File: ./img/vetormedioaducao.png Graphic file (type png)

<use ./img/vetormedioaducao.png>
Package pdftex.def Info: ./img/vetormedioaducao.png used on input line 659.
(pdftex.def)             Requested size: 371.51205pt x 226.59601pt.

Overfull \vbox (18.75586pt too high) has occurred while \output is active []


[89]
Overfull \vbox (18.75586pt too high) has occurred while \output is active []


[90 <./img/vetormedioaducao.png (PNG copy)>]
<./img/gqm.png, id=380, 739.563pt x 357.9774pt>
File: ./img/gqm.png Graphic file (type png)
 <use ./img/gqm.png>
Package pdftex.def Info: ./img/gqm.png used on input line 718.
(pdftex.def)             Requested size: 369.7806pt x 178.98825pt.

Overfull \vbox (5.39993pt too high) has occurred while \output is active []


[91]
Overfull \vbox (5.39993pt too high) has occurred while \output is active []


[92 <./img/gqm.png>]
Overfull \hbox (2.85274pt too wide) in paragraph at lines 806--806
[]\T1/ptm/m/n/12 91,67%| 
 []


Overfull \hbox (2.85274pt too wide) in paragraph at lines 807--807
[]\T1/ptm/m/n/12 91,67%| 
 []


Overfull \hbox (2.85274pt too wide) in paragraph at lines 808--808
[]\T1/ptm/m/n/12 41,67%| 
 []


Overfull \hbox (2.85274pt too wide) in paragraph at lines 808--808
[]\T1/ptm/m/n/12 58,33%| 
 []


LaTeX Warning: `h' float specifier changed to `ht'.

<./img/chart_1-.png, id=389, 488.57532pt x 356.0803pt>
File: ./img/chart_1-.png Graphic file (type png)

<use ./img/chart_1-.png>
Package pdftex.def Info: ./img/chart_1-.png used on input line 819.
(pdftex.def)             Requested size: 342.0004pt x 249.25452pt.
 <./img/chart_3-.png, id=390, 445.665pt x 367.3725pt>
File: ./img/chart_3-.png Graphic file (type png)

<use ./img/chart_3-.png>
Package pdftex.def Info: ./img/chart_3-.png used on input line 827.
(pdftex.def)             Requested size: 311.96336pt x 257.15898pt.

<./img/chart_10-.png, id=391, 472.01344pt x 363.60844pt>
File: ./img/chart_10-.png Graphic file (type png)

<use ./img/chart_10-.png>
Package pdftex.def Info: ./img/chart_10-.png used on input line 835.
(pdftex.def)             Requested size: 330.40715pt x 254.52417pt.

Overfull \vbox (5.39993pt too high) has occurred while \output is active []


[93]
Overfull \vbox (5.39993pt too high) has occurred while \output is active []


[94 <./img/chart_1-.png>]
Overfull \vbox (5.39993pt too high) has occurred while \output is active []


[95 <./img/chart_3-.png> <./img/chart_10-.png>]) (./trabalhosfuturos.tex
Overfull \vbox (5.39993pt too high) has occurred while \output is active []


[96

]
Cap\'{\i }tulo 7.
[97

]
! Undefined control sequence.
<recently read> \multirow 
                          
l.24 \multirow
              {\textbf{Trabalhos Futuros}} & \multicolumn{4}{|c|}{\textbf{Tr...
The control sequence at the end of the top line
of your error message was never \def'ed. If you have
misspelled it (e.g., `\hobx'), type `I' and the correct
spelling (e.g., `I\hbox'). Otherwise just continue,
and I'll forget about whatever was undefined.

LaTeX Font Info:    Font shape `T1/ptm/bx/n' in size <8> not available
(Font)              Font shape `T1/ptm/b/n' tried instead on input line 25.
) (./propostaa-main.bbl
Overfull \vbox (5.39993pt too high) has occurred while \output is active []


[98] [99

]
Overfull \vbox (5.39993pt too high) has occurred while \output is active []


[100]
Overfull \vbox (5.39993pt too high) has occurred while \output is active []


[101]
Overfull \vbox (5.39993pt too high) has occurred while \output is active []


[102]
Underfull \hbox (badness 10000) in paragraph at lines 359--362
[]\T1/ptm/m/n/12 Eli Bil-lauer.  Peak de-tec-tion in ma-tlab.  Software
 []


Overfull \vbox (5.39993pt too high) has occurred while \output is active []


[103]
Overfull \vbox (5.39993pt too high) has occurred while \output is active []


[104]
Underfull \hbox (badness 10000) in paragraph at lines 507--511
[]\T1/ptm/m/n/12 Provalis Re-se-arch.  Qda mi-ner lite v1.2.2, 2013.  Dis-po-ní
-vel em
 []


Overfull \vbox (5.39993pt too high) has occurred while \output is active []


[105]
Overfull \vbox (5.39993pt too high) has occurred while \output is active []


[106]) (./apend_comite.tex
Overfull \vbox (5.39993pt too high) has occurred while \output is active []


[107]
Ap\^endice A.
[108

]
Overfull \vbox (5.39993pt too high) has occurred while \output is active []


[109]
Overfull \vbox (5.39993pt too high) has occurred while \output is active []


[110]
Overfull \vbox (5.39993pt too high) has occurred while \output is active []


[111]
Overfull \vbox (5.39993pt too high) has occurred while \output is active []


[112]
Overfull \vbox (5.39993pt too high) has occurred while \output is active []


[113]
File: ./img/catch-the-spheres.png Graphic file (type png)
 <use ./img/catch-the-spheres.png>
Package pdftex.def Info: ./img/catch-the-spheres.png used on input line 136.
(pdftex.def)             Requested size: 352.8155pt x 184.77242pt.

Overfull \vbox (5.39993pt too high) has occurred while \output is active []


[114]
Overfull \vbox (5.39993pt too high) has occurred while \output is active []


[115]
Overfull \vbox (5.39993pt too high) has occurred while \output is active []


[116]
Overfull \vbox (5.39993pt too high) has occurred while \output is active []


[117]
Overfull \hbox (3.61714pt too wide) in paragraph at lines 243--250
 [][] 
 []

) (./apend3-entrevista-semi.tex
Overfull \vbox (5.39993pt too high) has occurred while \output is active []


[118]
Ap\^endice B.
[119

]) (./apendice-diagnostico.tex
Overfull \vbox (5.39993pt too high) has occurred while \output is active []


[120]
Overfull \vbox (5.39993pt too high) has occurred while \output is active []


[121]
Ap\^endice C.

Underfull \hbox (badness 10000) in paragraph at lines 2--3
\T1/ptm/m/n/12 Critérios es-ta-be-le-ci-dos para di-ag-nós-tico da Do-ença de P
ar-kin-son pela
 []

[122

]) (./questionario-gqm.tex
Overfull \vbox (5.39993pt too high) has occurred while \output is active []


[123]
Ap\^endice D.

Overfull \hbox (12.0pt too wide) in alignment at lines 6--9
 [] 
 []


Overfull \hbox (12.0pt too wide) in alignment at lines 9--13
 [] 
 []


Overfull \hbox (12.0pt too wide) in alignment at lines 13--15
 [] 
 []


Overfull \hbox (12.0pt too wide) in alignment at lines 15--17
 [] 
 []


Overfull \hbox (12.0pt too wide) in alignment at lines 17--32
 [] 
 []

[124

])
Overfull \vbox (5.39993pt too high) has occurred while \output is active []


[125] (./propostaa-main.aux)

LaTeX Warning: There were multiply-defined labels.

 ) 
Here is how much of TeX's memory you used:
 8598 strings out of 493485
 121873 string characters out of 3143527
 291722 words of memory out of 3000000
 11662 multiletter control sequences out of 15000+200000
 67839 words of font info for 81 fonts, out of 3000000 for 9000
 958 hyphenation exceptions out of 8191
 38i,13n,43p,1595b,2269s stack positions out of 5000i,500n,10000p,200000b,50000s
{/usr/share/texlive/texmf-dist/fonts/enc/dvips/base/8r.enc}</usr/share/texliv
e/texmf-dist/fonts/type1/public/amsfonts/cm/cmex10.pfb></usr/share/texlive/texm
f-dist/fonts/type1/public/amsfonts/cm/cmmi10.pfb></usr/share/texlive/texmf-dist
/fonts/type1/public/amsfonts/cm/cmmi12.pfb></usr/share/texlive/texmf-dist/fonts
/type1/public/amsfonts/cm/cmmi8.pfb></usr/share/texlive/texmf-dist/fonts/type1/
public/amsfonts/cm/cmr12.pfb></usr/share/texlive/texmf-dist/fonts/type1/public/
amsfonts/cm/cmr8.pfb></usr/share/texlive/texmf-dist/fonts/type1/public/amsfonts
/cm/cmsy10.pfb></usr/share/texlive/texmf-dist/fonts/type1/public/amsfonts/cm/cm
sy8.pfb></usr/share/texlive/texmf-dist/fonts/type1/urw/courier/ucrr8a.pfb></usr
/share/texlive/texmf-dist/fonts/type1/urw/times/utmb8a.pfb></usr/share/texlive/
texmf-dist/fonts/type1/urw/times/utmbi8a.pfb></usr/share/texlive/texmf-dist/fon
ts/type1/urw/times/utmr8a.pfb></usr/share/texlive/texmf-dist/fonts/type1/urw/ti
mes/utmri8a.pfb>
Output written on propostaa-main.pdf (137 pages, 4111007 bytes).
PDF statistics:
 544 PDF objects out of 1000 (max. 8388607)
 344 compressed objects within 4 object streams
 0 named destinations out of 1000 (max. 500000)
 196 words of extra memory for PDF output out of 10000 (max. 10000000)

